==============================
服务器巡检报告
时间: 2026年 06月 08日 星期一 23:52:05 CST
主机: lhh-VMware-Virtual-Platform
==============================

【CPU负载】
 23:52:05 up 12 min,  1 user,  load average: 0.01, 0.20, 0.29

【内存使用】
               total        used        free      shared  buff/cache   available
内存：         3.3Gi       1.4Gi       378Mi        23Mi       1.8Gi       1.9Gi
交换：         3.8Gi          0B       3.8Gi

【磁盘使用】
文件系统        容量  已用  可用 已用% 挂载点
tmpfs           671M  2.6M  668M    1% /run
/dev/sda2        30G   12G   17G   40% /
tmpfs           1.7G     0  1.7G    0% /dev/shm
none            1.0M     0  1.0M    0% /run/credentials/systemd-journald.service
none            1.0M     0  1.0M    0% /run/credentials/systemd-resolved.service
tmpfs           1.7G   16K  1.7G    1% /tmp
tmpfs           336M   84K  335M    1% /run/user/1000

【Nginx状态】
Nginx运行正常

【磁盘告警检查】
磁盘正常：40%
==============================
服务器巡检报告
时间: 2026年 06月 09日 星期二 00:10:01 CST
主机: lhh-VMware-Virtual-Platform
==============================

【CPU负载】
 00:10:01 up 30 min,  1 user,  load average: 0.01, 0.10, 0.18

【内存使用】
               total        used        free      shared  buff/cache   available
内存：         3.3Gi       1.4Gi       271Mi        26Mi       1.9Gi       1.9Gi
交换：         3.8Gi          0B       3.8Gi

【磁盘使用】
文件系统        容量  已用  可用 已用% 挂载点
tmpfs           671M  2.9M  668M    1% /run
/dev/sda2        30G   12G   17G   40% /
tmpfs           1.7G     0  1.7G    0% /dev/shm
none            1.0M     0  1.0M    0% /run/credentials/systemd-journald.service
none            1.0M     0  1.0M    0% /run/credentials/systemd-resolved.service
tmpfs           1.7G   24K  1.7G    1% /tmp
tmpfs           336M   84K  335M    1% /run/user/1000

【Nginx状态】
Nginx运行正常

【磁盘告警检查】
磁盘正常：40%

【访问日志统计】
总访问量: 5
状态码统计:
      4 200
      1 404
访问最多的前10个IP:
      5 127.0.0.1
访问最多的前10个URL:
      4 /
      1 /favicon.ico

【Nginx状态】
Nginx运行正常

【Nginx访问统计】
访问总数：5
状态码统计：
      4 200
      1 404
IP访问TOP10：
      5 127.0.0.1
URL访问TOP10：
      4 /
      1 /favicon.ico

【Nginx访问统计】
访问总数：
6

状态码统计：
      5 200
      1 404

访问IP TOP10：
      6 127.0.0.1

访问URL TOP10：
      5 /
      1 /favicon.ico

【Nginx访问统计】
访问总数：
6

状态码统计：
      5 200
      1 404

访问IP TOP10：
      6 127.0.0.1

访问URL TOP10：
      5 /
      1 /favicon.ico

【Nginx访问统计】
访问总数：
6

状态码统计：
      5 200
      1 404

访问IP TOP10：
      6 127.0.0.1

访问URL TOP10：
      5 /
      1 /favicon.ico
