==============================
服务器巡检报告
时间: 2026年 06月 09日 星期二 02:20:01 CST
主机: lhh-VMware-Virtual-Platform
==============================

【CPU负载】
 02:20:01 up  1:15,  1 user,  load average: 0.01, 0.03, 0.08

【内存使用】
               total        used        free      shared  buff/cache   available
内存：         3.3Gi       1.6Gi       294Mi        24Mi       1.5Gi       1.7Gi
交换：         3.8Gi       139Mi       3.6Gi

【磁盘使用】
文件系统        容量  已用  可用 已用% 挂载点
tmpfs           671M  3.2M  668M    1% /run
/dev/sda2        30G   12G   17G   41% /
tmpfs           1.7G     0  1.7G    0% /dev/shm
none            1.0M     0  1.0M    0% /run/credentials/systemd-journald.service
none            1.0M     0  1.0M    0% /run/credentials/systemd-resolved.service
tmpfs           1.7G  3.8M  1.7G    1% /tmp
tmpfs           336M   92K  335M    1% /run/user/1000
磁盘正常: 41%

【Nginx状态】
Nginx运行正常

【Nginx访问统计】
访问总数: 10
状态码统计:
      7 200
      3 404
访问IP TOP10:
     10 127.0.0.1
访问URL TOP10:
      5 /
      2 /report/report_2026-06-09.html
      2 /favicon.ico
      1 /report/report_YYYY-MM-DD.html
